-------------------------------------------------------------------------------
Test set: org.springframework.samples.petclinic.owner.VisitControllerTests
-------------------------------------------------------------------------------
Tests run: 3, Failures: 0, Errors: 3, Skipped: 0, Time elapsed: 1.303 s <<< FAILURE! - in org.springframework.samples.petclinic.owner.VisitControllerTests
testProcessNewVisitFormHasErrors(org.springframework.samples.petclinic.owner.VisitControllerTests)  Time elapsed: 0 s  <<< ERROR!
java.lang.IllegalStateException: Failed to load ApplicationContext
Caused by: org.springframework.beans.factory.UnsatisfiedDependencyException: Error creating bean with name 'visitController' defined in file [/home/rmh/Documents/intuit/craft/spring-petclinic/target/classes/org/springframework/samples/petclinic/owner/VisitController.class]: Unsatisfied dependency expressed through constructor parameter 2; nested exception is org.springframework.beans.factory.NoSuchBeanDefinitionException: No qualifying bean of type 'org.springframework.samples.petclinic.vet.VetRepository' available: expected at least 1 bean which qualifies as autowire candidate. Dependency annotations: {}
Caused by: org.springframework.beans.factory.NoSuchBeanDefinitionException: No qualifying bean of type 'org.springframework.samples.petclinic.vet.VetRepository' available: expected at least 1 bean which qualifies as autowire candidate. Dependency annotations: {}

testProcessNewVisitFormSuccess(org.springframework.samples.petclinic.owner.VisitControllerTests)  Time elapsed: 0 s  <<< ERROR!
java.lang.IllegalStateException: Failed to load ApplicationContext
Caused by: org.springframework.beans.factory.UnsatisfiedDependencyException: Error creating bean with name 'visitController' defined in file [/home/rmh/Documents/intuit/craft/spring-petclinic/target/classes/org/springframework/samples/petclinic/owner/VisitController.class]: Unsatisfied dependency expressed through constructor parameter 2; nested exception is org.springframework.beans.factory.NoSuchBeanDefinitionException: No qualifying bean of type 'org.springframework.samples.petclinic.vet.VetRepository' available: expected at least 1 bean which qualifies as autowire candidate. Dependency annotations: {}
Caused by: org.springframework.beans.factory.NoSuchBeanDefinitionException: No qualifying bean of type 'org.springframework.samples.petclinic.vet.VetRepository' available: expected at least 1 bean which qualifies as autowire candidate. Dependency annotations: {}

testInitNewVisitForm(org.springframework.samples.petclinic.owner.VisitControllerTests)  Time elapsed: 0 s  <<< ERROR!
java.lang.IllegalStateException: Failed to load ApplicationContext
Caused by: org.springframework.beans.factory.UnsatisfiedDependencyException: Error creating bean with name 'visitController' defined in file [/home/rmh/Documents/intuit/craft/spring-petclinic/target/classes/org/springframework/samples/petclinic/owner/VisitController.class]: Unsatisfied dependency expressed through constructor parameter 2; nested exception is org.springframework.beans.factory.NoSuchBeanDefinitionException: No qualifying bean of type 'org.springframework.samples.petclinic.vet.VetRepository' available: expected at least 1 bean which qualifies as autowire candidate. Dependency annotations: {}
Caused by: org.springframework.beans.factory.NoSuchBeanDefinitionException: No qualifying bean of type 'org.springframework.samples.petclinic.vet.VetRepository' available: expected at least 1 bean which qualifies as autowire candidate. Dependency annotations: {}

