-------------------------------------------------------------------------------
Test set: org.springframework.samples.petclinic.service.ClinicServiceTests
-------------------------------------------------------------------------------
Tests run: 11, Failures: 0, Errors: 11, Skipped: 0, Time elapsed: 3.657 s <<< FAILURE! - in org.springframework.samples.petclinic.service.ClinicServiceTests
shouldFindVets(org.springframework.samples.petclinic.service.ClinicServiceTests)  Time elapsed: 0.113 s  <<< ERROR!
org.springframework.dao.InvalidDataAccessResourceUsageException: could not prepare statement; SQL [select vet0_.id as id1_5_, vet0_.first_name as first_na2_5_, vet0_.last_name as last_nam3_5_ from vets vet0_]; nested exception is org.hibernate.exception.SQLGrammarException: could not prepare statement
	at org.springframework.samples.petclinic.service.ClinicServiceTests.shouldFindVets(ClinicServiceTests.java:188)
Caused by: org.hibernate.exception.SQLGrammarException: could not prepare statement
	at org.springframework.samples.petclinic.service.ClinicServiceTests.shouldFindVets(ClinicServiceTests.java:188)
Caused by: java.sql.SQLSyntaxErrorException: user lacks privilege or object not found: VETS in statement [select vet0_.id as id1_5_, vet0_.first_name as first_na2_5_, vet0_.last_name as last_nam3_5_ from vets vet0_]
	at org.springframework.samples.petclinic.service.ClinicServiceTests.shouldFindVets(ClinicServiceTests.java:188)
Caused by: org.hsqldb.HsqlException: user lacks privilege or object not found: VETS
	at org.springframework.samples.petclinic.service.ClinicServiceTests.shouldFindVets(ClinicServiceTests.java:188)

shouldFindOwnersByLastName(org.springframework.samples.petclinic.service.ClinicServiceTests)  Time elapsed: 0.103 s  <<< ERROR!
org.springframework.dao.InvalidDataAccessResourceUsageException: could not prepare statement; SQL [select distinct owner0_.id as id1_0_0_, pets1_.id as id1_1_1_, owner0_.first_name as first_na2_0_0_, owner0_.last_name as last_nam3_0_0_, owner0_.address as address4_0_0_, owner0_.city as city5_0_0_, owner0_.telephone as telephon6_0_0_, pets1_.name as name2_1_1_, pets1_.birth_date as birth_da3_1_1_, pets1_.owner_id as owner_id4_1_1_, pets1_.type_id as type_id5_1_1_, pets1_.owner_id as owner_id4_1_0__, pets1_.id as id1_1_0__ from owners owner0_ left outer join pets pets1_ on owner0_.id=pets1_.owner_id where owner0_.last_name like ?]; nested exception is org.hibernate.exception.SQLGrammarException: could not prepare statement
	at org.springframework.samples.petclinic.service.ClinicServiceTests.shouldFindOwnersByLastName(ClinicServiceTests.java:81)
Caused by: org.hibernate.exception.SQLGrammarException: could not prepare statement
	at org.springframework.samples.petclinic.service.ClinicServiceTests.shouldFindOwnersByLastName(ClinicServiceTests.java:81)
Caused by: java.sql.SQLSyntaxErrorException: user lacks privilege or object not found: OWNERS in statement [select distinct owner0_.id as id1_0_0_, pets1_.id as id1_1_1_, owner0_.first_name as first_na2_0_0_, owner0_.last_name as last_nam3_0_0_, owner0_.address as address4_0_0_, owner0_.city as city5_0_0_, owner0_.telephone as telephon6_0_0_, pets1_.name as name2_1_1_, pets1_.birth_date as birth_da3_1_1_, pets1_.owner_id as owner_id4_1_1_, pets1_.type_id as type_id5_1_1_, pets1_.owner_id as owner_id4_1_0__, pets1_.id as id1_1_0__ from owners owner0_ left outer join pets pets1_ on owner0_.id=pets1_.owner_id where owner0_.last_name like ?]
	at org.springframework.samples.petclinic.service.ClinicServiceTests.shouldFindOwnersByLastName(ClinicServiceTests.java:81)
Caused by: org.hsqldb.HsqlException: user lacks privilege or object not found: OWNERS
	at org.springframework.samples.petclinic.service.ClinicServiceTests.shouldFindOwnersByLastName(ClinicServiceTests.java:81)

shouldAddNewVisitForPet(org.springframework.samples.petclinic.service.ClinicServiceTests)  Time elapsed: 0.205 s  <<< ERROR!
org.springframework.dao.InvalidDataAccessResourceUsageException: could not prepare statement; SQL [select pet0_.id as id1_1_0_, pet0_.name as name2_1_0_, pet0_.birth_date as birth_da3_1_0_, pet0_.owner_id as owner_id4_1_0_, pet0_.type_id as type_id5_1_0_, owner1_.id as id1_0_1_, owner1_.first_name as first_na2_0_1_, owner1_.last_name as last_nam3_0_1_, owner1_.address as address4_0_1_, owner1_.city as city5_0_1_, owner1_.telephone as telephon6_0_1_, pettype2_.id as id1_3_2_, pettype2_.name as name2_3_2_ from pets pet0_ left outer join owners owner1_ on pet0_.owner_id=owner1_.id left outer join types pettype2_ on pet0_.type_id=pettype2_.id where pet0_.id=?]; nested exception is org.hibernate.exception.SQLGrammarException: could not prepare statement
	at org.springframework.samples.petclinic.service.ClinicServiceTests.shouldAddNewVisitForPet(ClinicServiceTests.java:200)
Caused by: org.hibernate.exception.SQLGrammarException: could not prepare statement
	at org.springframework.samples.petclinic.service.ClinicServiceTests.shouldAddNewVisitForPet(ClinicServiceTests.java:200)
Caused by: java.sql.SQLSyntaxErrorException: user lacks privilege or object not found: PETS in statement [select pet0_.id as id1_1_0_, pet0_.name as name2_1_0_, pet0_.birth_date as birth_da3_1_0_, pet0_.owner_id as owner_id4_1_0_, pet0_.type_id as type_id5_1_0_, owner1_.id as id1_0_1_, owner1_.first_name as first_na2_0_1_, owner1_.last_name as last_nam3_0_1_, owner1_.address as address4_0_1_, owner1_.city as city5_0_1_, owner1_.telephone as telephon6_0_1_, pettype2_.id as id1_3_2_, pettype2_.name as name2_3_2_ from pets pet0_ left outer join owners owner1_ on pet0_.owner_id=owner1_.id left outer join types pettype2_ on pet0_.type_id=pettype2_.id where pet0_.id=?]
	at org.springframework.samples.petclinic.service.ClinicServiceTests.shouldAddNewVisitForPet(ClinicServiceTests.java:200)
Caused by: org.hsqldb.HsqlException: user lacks privilege or object not found: PETS
	at org.springframework.samples.petclinic.service.ClinicServiceTests.shouldAddNewVisitForPet(ClinicServiceTests.java:200)

shouldUpdateOwner(org.springframework.samples.petclinic.service.ClinicServiceTests)  Time elapsed: 0.051 s  <<< ERROR!
org.springframework.dao.InvalidDataAccessResourceUsageException: could not prepare statement; SQL [select owner0_.id as id1_0_0_, pets1_.id as id1_1_1_, owner0_.first_name as first_na2_0_0_, owner0_.last_name as last_nam3_0_0_, owner0_.address as address4_0_0_, owner0_.city as city5_0_0_, owner0_.telephone as telephon6_0_0_, pets1_.name as name2_1_1_, pets1_.birth_date as birth_da3_1_1_, pets1_.owner_id as owner_id4_1_1_, pets1_.type_id as type_id5_1_1_, pets1_.owner_id as owner_id4_1_0__, pets1_.id as id1_1_0__ from owners owner0_ left outer join pets pets1_ on owner0_.id=pets1_.owner_id where owner0_.id=?]; nested exception is org.hibernate.exception.SQLGrammarException: could not prepare statement
	at org.springframework.samples.petclinic.service.ClinicServiceTests.shouldUpdateOwner(ClinicServiceTests.java:119)
Caused by: org.hibernate.exception.SQLGrammarException: could not prepare statement
	at org.springframework.samples.petclinic.service.ClinicServiceTests.shouldUpdateOwner(ClinicServiceTests.java:119)
Caused by: java.sql.SQLSyntaxErrorException: user lacks privilege or object not found: OWNERS in statement [select owner0_.id as id1_0_0_, pets1_.id as id1_1_1_, owner0_.first_name as first_na2_0_0_, owner0_.last_name as last_nam3_0_0_, owner0_.address as address4_0_0_, owner0_.city as city5_0_0_, owner0_.telephone as telephon6_0_0_, pets1_.name as name2_1_1_, pets1_.birth_date as birth_da3_1_1_, pets1_.owner_id as owner_id4_1_1_, pets1_.type_id as type_id5_1_1_, pets1_.owner_id as owner_id4_1_0__, pets1_.id as id1_1_0__ from owners owner0_ left outer join pets pets1_ on owner0_.id=pets1_.owner_id where owner0_.id=?]
	at org.springframework.samples.petclinic.service.ClinicServiceTests.shouldUpdateOwner(ClinicServiceTests.java:119)
Caused by: org.hsqldb.HsqlException: user lacks privilege or object not found: OWNERS
	at org.springframework.samples.petclinic.service.ClinicServiceTests.shouldUpdateOwner(ClinicServiceTests.java:119)

shouldFindVisitsByPetId(org.springframework.samples.petclinic.service.ClinicServiceTests)  Time elapsed: 0.053 s  <<< ERROR!
org.springframework.dao.InvalidDataAccessResourceUsageException: could not prepare statement; SQL [select visit0_.id as id1_6_, visit0_.visit_date as visit_da2_6_, visit0_.description as descript3_6_, visit0_.pet_id as pet_id4_6_, visit0_.vet_id as vet_id5_6_, visit0_.visit_slot as visit_sl6_6_ from visits visit0_ where visit0_.pet_id=?]; nested exception is org.hibernate.exception.SQLGrammarException: could not prepare statement
	at org.springframework.samples.petclinic.service.ClinicServiceTests.shouldFindVisitsByPetId(ClinicServiceTests.java:215)
Caused by: org.hibernate.exception.SQLGrammarException: could not prepare statement
	at org.springframework.samples.petclinic.service.ClinicServiceTests.shouldFindVisitsByPetId(ClinicServiceTests.java:215)
Caused by: java.sql.SQLSyntaxErrorException: user lacks privilege or object not found: VISITS in statement [select visit0_.id as id1_6_, visit0_.visit_date as visit_da2_6_, visit0_.description as descript3_6_, visit0_.pet_id as pet_id4_6_, visit0_.vet_id as vet_id5_6_, visit0_.visit_slot as visit_sl6_6_ from visits visit0_ where visit0_.pet_id=?]
	at org.springframework.samples.petclinic.service.ClinicServiceTests.shouldFindVisitsByPetId(ClinicServiceTests.java:215)
Caused by: org.hsqldb.HsqlException: user lacks privilege or object not found: VISITS
	at org.springframework.samples.petclinic.service.ClinicServiceTests.shouldFindVisitsByPetId(ClinicServiceTests.java:215)

shouldInsertPetIntoDatabaseAndGenerateId(org.springframework.samples.petclinic.service.ClinicServiceTests)  Time elapsed: 0.035 s  <<< ERROR!
org.springframework.dao.InvalidDataAccessResourceUsageException: could not prepare statement; SQL [select owner0_.id as id1_0_0_, pets1_.id as id1_1_1_, owner0_.first_name as first_na2_0_0_, owner0_.last_name as last_nam3_0_0_, owner0_.address as address4_0_0_, owner0_.city as city5_0_0_, owner0_.telephone as telephon6_0_0_, pets1_.name as name2_1_1_, pets1_.birth_date as birth_da3_1_1_, pets1_.owner_id as owner_id4_1_1_, pets1_.type_id as type_id5_1_1_, pets1_.owner_id as owner_id4_1_0__, pets1_.id as id1_1_0__ from owners owner0_ left outer join pets pets1_ on owner0_.id=pets1_.owner_id where owner0_.id=?]; nested exception is org.hibernate.exception.SQLGrammarException: could not prepare statement
	at org.springframework.samples.petclinic.service.ClinicServiceTests.shouldInsertPetIntoDatabaseAndGenerateId(ClinicServiceTests.java:152)
Caused by: org.hibernate.exception.SQLGrammarException: could not prepare statement
	at org.springframework.samples.petclinic.service.ClinicServiceTests.shouldInsertPetIntoDatabaseAndGenerateId(ClinicServiceTests.java:152)
Caused by: java.sql.SQLSyntaxErrorException: user lacks privilege or object not found: OWNERS in statement [select owner0_.id as id1_0_0_, pets1_.id as id1_1_1_, owner0_.first_name as first_na2_0_0_, owner0_.last_name as last_nam3_0_0_, owner0_.address as address4_0_0_, owner0_.city as city5_0_0_, owner0_.telephone as telephon6_0_0_, pets1_.name as name2_1_1_, pets1_.birth_date as birth_da3_1_1_, pets1_.owner_id as owner_id4_1_1_, pets1_.type_id as type_id5_1_1_, pets1_.owner_id as owner_id4_1_0__, pets1_.id as id1_1_0__ from owners owner0_ left outer join pets pets1_ on owner0_.id=pets1_.owner_id where owner0_.id=?]
	at org.springframework.samples.petclinic.service.ClinicServiceTests.shouldInsertPetIntoDatabaseAndGenerateId(ClinicServiceTests.java:152)
Caused by: org.hsqldb.HsqlException: user lacks privilege or object not found: OWNERS
	at org.springframework.samples.petclinic.service.ClinicServiceTests.shouldInsertPetIntoDatabaseAndGenerateId(ClinicServiceTests.java:152)

shouldInsertOwner(org.springframework.samples.petclinic.service.ClinicServiceTests)  Time elapsed: 0.046 s  <<< ERROR!
org.springframework.dao.InvalidDataAccessResourceUsageException: could not prepare statement; SQL [select distinct owner0_.id as id1_0_0_, pets1_.id as id1_1_1_, owner0_.first_name as first_na2_0_0_, owner0_.last_name as last_nam3_0_0_, owner0_.address as address4_0_0_, owner0_.city as city5_0_0_, owner0_.telephone as telephon6_0_0_, pets1_.name as name2_1_1_, pets1_.birth_date as birth_da3_1_1_, pets1_.owner_id as owner_id4_1_1_, pets1_.type_id as type_id5_1_1_, pets1_.owner_id as owner_id4_1_0__, pets1_.id as id1_1_0__ from owners owner0_ left outer join pets pets1_ on owner0_.id=pets1_.owner_id where owner0_.last_name like ?]; nested exception is org.hibernate.exception.SQLGrammarException: could not prepare statement
	at org.springframework.samples.petclinic.service.ClinicServiceTests.shouldInsertOwner(ClinicServiceTests.java:100)
Caused by: org.hibernate.exception.SQLGrammarException: could not prepare statement
	at org.springframework.samples.petclinic.service.ClinicServiceTests.shouldInsertOwner(ClinicServiceTests.java:100)
Caused by: java.sql.SQLSyntaxErrorException: user lacks privilege or object not found: OWNERS in statement [select distinct owner0_.id as id1_0_0_, pets1_.id as id1_1_1_, owner0_.first_name as first_na2_0_0_, owner0_.last_name as last_nam3_0_0_, owner0_.address as address4_0_0_, owner0_.city as city5_0_0_, owner0_.telephone as telephon6_0_0_, pets1_.name as name2_1_1_, pets1_.birth_date as birth_da3_1_1_, pets1_.owner_id as owner_id4_1_1_, pets1_.type_id as type_id5_1_1_, pets1_.owner_id as owner_id4_1_0__, pets1_.id as id1_1_0__ from owners owner0_ left outer join pets pets1_ on owner0_.id=pets1_.owner_id where owner0_.last_name like ?]
	at org.springframework.samples.petclinic.service.ClinicServiceTests.shouldInsertOwner(ClinicServiceTests.java:100)
Caused by: org.hsqldb.HsqlException: user lacks privilege or object not found: OWNERS
	at org.springframework.samples.petclinic.service.ClinicServiceTests.shouldInsertOwner(ClinicServiceTests.java:100)

shouldFindSingleOwnerWithPet(org.springframework.samples.petclinic.service.ClinicServiceTests)  Time elapsed: 0.061 s  <<< ERROR!
org.springframework.dao.InvalidDataAccessResourceUsageException: could not prepare statement; SQL [select owner0_.id as id1_0_0_, pets1_.id as id1_1_1_, owner0_.first_name as first_na2_0_0_, owner0_.last_name as last_nam3_0_0_, owner0_.address as address4_0_0_, owner0_.city as city5_0_0_, owner0_.telephone as telephon6_0_0_, pets1_.name as name2_1_1_, pets1_.birth_date as birth_da3_1_1_, pets1_.owner_id as owner_id4_1_1_, pets1_.type_id as type_id5_1_1_, pets1_.owner_id as owner_id4_1_0__, pets1_.id as id1_1_0__ from owners owner0_ left outer join pets pets1_ on owner0_.id=pets1_.owner_id where owner0_.id=?]; nested exception is org.hibernate.exception.SQLGrammarException: could not prepare statement
	at org.springframework.samples.petclinic.service.ClinicServiceTests.shouldFindSingleOwnerWithPet(ClinicServiceTests.java:90)
Caused by: org.hibernate.exception.SQLGrammarException: could not prepare statement
	at org.springframework.samples.petclinic.service.ClinicServiceTests.shouldFindSingleOwnerWithPet(ClinicServiceTests.java:90)
Caused by: java.sql.SQLSyntaxErrorException: user lacks privilege or object not found: OWNERS in statement [select owner0_.id as id1_0_0_, pets1_.id as id1_1_1_, owner0_.first_name as first_na2_0_0_, owner0_.last_name as last_nam3_0_0_, owner0_.address as address4_0_0_, owner0_.city as city5_0_0_, owner0_.telephone as telephon6_0_0_, pets1_.name as name2_1_1_, pets1_.birth_date as birth_da3_1_1_, pets1_.owner_id as owner_id4_1_1_, pets1_.type_id as type_id5_1_1_, pets1_.owner_id as owner_id4_1_0__, pets1_.id as id1_1_0__ from owners owner0_ left outer join pets pets1_ on owner0_.id=pets1_.owner_id where owner0_.id=?]
	at org.springframework.samples.petclinic.service.ClinicServiceTests.shouldFindSingleOwnerWithPet(ClinicServiceTests.java:90)
Caused by: org.hsqldb.HsqlException: user lacks privilege or object not found: OWNERS
	at org.springframework.samples.petclinic.service.ClinicServiceTests.shouldFindSingleOwnerWithPet(ClinicServiceTests.java:90)

shouldUpdatePetName(org.springframework.samples.petclinic.service.ClinicServiceTests)  Time elapsed: 0.19 s  <<< ERROR!
org.springframework.dao.InvalidDataAccessResourceUsageException: could not prepare statement; SQL [select pet0_.id as id1_1_0_, pet0_.name as name2_1_0_, pet0_.birth_date as birth_da3_1_0_, pet0_.owner_id as owner_id4_1_0_, pet0_.type_id as type_id5_1_0_, owner1_.id as id1_0_1_, owner1_.first_name as first_na2_0_1_, owner1_.last_name as last_nam3_0_1_, owner1_.address as address4_0_1_, owner1_.city as city5_0_1_, owner1_.telephone as telephon6_0_1_, pettype2_.id as id1_3_2_, pettype2_.name as name2_3_2_ from pets pet0_ left outer join owners owner1_ on pet0_.owner_id=owner1_.id left outer join types pettype2_ on pet0_.type_id=pettype2_.id where pet0_.id=?]; nested exception is org.hibernate.exception.SQLGrammarException: could not prepare statement
	at org.springframework.samples.petclinic.service.ClinicServiceTests.shouldUpdatePetName(ClinicServiceTests.java:175)
Caused by: org.hibernate.exception.SQLGrammarException: could not prepare statement
	at org.springframework.samples.petclinic.service.ClinicServiceTests.shouldUpdatePetName(ClinicServiceTests.java:175)
Caused by: java.sql.SQLSyntaxErrorException: user lacks privilege or object not found: PETS in statement [select pet0_.id as id1_1_0_, pet0_.name as name2_1_0_, pet0_.birth_date as birth_da3_1_0_, pet0_.owner_id as owner_id4_1_0_, pet0_.type_id as type_id5_1_0_, owner1_.id as id1_0_1_, owner1_.first_name as first_na2_0_1_, owner1_.last_name as last_nam3_0_1_, owner1_.address as address4_0_1_, owner1_.city as city5_0_1_, owner1_.telephone as telephon6_0_1_, pettype2_.id as id1_3_2_, pettype2_.name as name2_3_2_ from pets pet0_ left outer join owners owner1_ on pet0_.owner_id=owner1_.id left outer join types pettype2_ on pet0_.type_id=pettype2_.id where pet0_.id=?]
	at org.springframework.samples.petclinic.service.ClinicServiceTests.shouldUpdatePetName(ClinicServiceTests.java:175)
Caused by: org.hsqldb.HsqlException: user lacks privilege or object not found: PETS
	at org.springframework.samples.petclinic.service.ClinicServiceTests.shouldUpdatePetName(ClinicServiceTests.java:175)

shouldFindAllPetTypes(org.springframework.samples.petclinic.service.ClinicServiceTests)  Time elapsed: 0.037 s  <<< ERROR!
org.springframework.dao.InvalidDataAccessResourceUsageException: could not prepare statement; SQL [select pettype0_.id as id1_3_, pettype0_.name as name2_3_ from types pettype0_ order by pettype0_.name]; nested exception is org.hibernate.exception.SQLGrammarException: could not prepare statement
	at org.springframework.samples.petclinic.service.ClinicServiceTests.shouldFindAllPetTypes(ClinicServiceTests.java:141)
Caused by: org.hibernate.exception.SQLGrammarException: could not prepare statement
	at org.springframework.samples.petclinic.service.ClinicServiceTests.shouldFindAllPetTypes(ClinicServiceTests.java:141)
Caused by: java.sql.SQLSyntaxErrorException: user lacks privilege or object not found: TYPES in statement [select pettype0_.id as id1_3_, pettype0_.name as name2_3_ from types pettype0_ order by pettype0_.name]
	at org.springframework.samples.petclinic.service.ClinicServiceTests.shouldFindAllPetTypes(ClinicServiceTests.java:141)
Caused by: org.hsqldb.HsqlException: user lacks privilege or object not found: TYPES
	at org.springframework.samples.petclinic.service.ClinicServiceTests.shouldFindAllPetTypes(ClinicServiceTests.java:141)

shouldFindPetWithCorrectId(org.springframework.samples.petclinic.service.ClinicServiceTests)  Time elapsed: 0.124 s  <<< ERROR!
org.springframework.dao.InvalidDataAccessResourceUsageException: could not prepare statement; SQL [select pet0_.id as id1_1_0_, pet0_.name as name2_1_0_, pet0_.birth_date as birth_da3_1_0_, pet0_.owner_id as owner_id4_1_0_, pet0_.type_id as type_id5_1_0_, owner1_.id as id1_0_1_, owner1_.first_name as first_na2_0_1_, owner1_.last_name as last_nam3_0_1_, owner1_.address as address4_0_1_, owner1_.city as city5_0_1_, owner1_.telephone as telephon6_0_1_, pettype2_.id as id1_3_2_, pettype2_.name as name2_3_2_ from pets pet0_ left outer join owners owner1_ on pet0_.owner_id=owner1_.id left outer join types pettype2_ on pet0_.type_id=pettype2_.id where pet0_.id=?]; nested exception is org.hibernate.exception.SQLGrammarException: could not prepare statement
	at org.springframework.samples.petclinic.service.ClinicServiceTests.shouldFindPetWithCorrectId(ClinicServiceTests.java:133)
Caused by: org.hibernate.exception.SQLGrammarException: could not prepare statement
	at org.springframework.samples.petclinic.service.ClinicServiceTests.shouldFindPetWithCorrectId(ClinicServiceTests.java:133)
Caused by: java.sql.SQLSyntaxErrorException: user lacks privilege or object not found: PETS in statement [select pet0_.id as id1_1_0_, pet0_.name as name2_1_0_, pet0_.birth_date as birth_da3_1_0_, pet0_.owner_id as owner_id4_1_0_, pet0_.type_id as type_id5_1_0_, owner1_.id as id1_0_1_, owner1_.first_name as first_na2_0_1_, owner1_.last_name as last_nam3_0_1_, owner1_.address as address4_0_1_, owner1_.city as city5_0_1_, owner1_.telephone as telephon6_0_1_, pettype2_.id as id1_3_2_, pettype2_.name as name2_3_2_ from pets pet0_ left outer join owners owner1_ on pet0_.owner_id=owner1_.id left outer join types pettype2_ on pet0_.type_id=pettype2_.id where pet0_.id=?]
	at org.springframework.samples.petclinic.service.ClinicServiceTests.shouldFindPetWithCorrectId(ClinicServiceTests.java:133)
Caused by: org.hsqldb.HsqlException: user lacks privilege or object not found: PETS
	at org.springframework.samples.petclinic.service.ClinicServiceTests.shouldFindPetWithCorrectId(ClinicServiceTests.java:133)

